<?xml version="1.0" encoding="UTF-8"?>
<!-- Generated by org.testng.reporters.JUnitXMLReporter -->
<testsuite ignored="0" hostname="Chinnuboss" failures="0" tests="3" name="Default test" time="90.672" errors="0" timestamp="2021-08-29T23:50:59 IST">
  <testcase classname="com.vtiger.comcast.leadtest.ConvertLeadTest" name="convertLeadBySelectingAllCheckboxTest" time="28.448"/>
  <testcase classname="com.vtiger.comcast.leadtest.ConvertLeadTest" name="convertLeadBySelectingOnlyOpportunityCheckboxTest" time="23.204"/>
  <testcase classname="com.vtiger.comcast.leadtest.ConvertLeadTest" name="convertLeadBySelectingOnlyOrgCheckboxTest" time="22.632"/>
</testsuite> <!-- Default test -->
