<?xml version="1.0" encoding="UTF-8"?>
<!-- Generated by org.testng.reporters.JUnitXMLReporter -->
<testsuite ignored="0" hostname="Chinnuboss" failures="0" tests="4" name="TestRunner-Firefox" time="78.559" errors="0" timestamp="2021-08-30T00:18:33 IST">
  <testcase classname="com.vtiger.comcast.leadtest.CreateNewLeadTest" name="creatNewLeadByInvalidAnnualRevenueTest" time="0.475">
    <skipped/>
  </testcase> <!-- creatNewLeadByInvalidAnnualRevenueTest -->
  <testcase classname="com.vtiger.comcast.leadtest.CreateNewLeadTest" name="creatNewLeadByInvalidAnnualRevenueTest" time="9.888"/>
  <testcase classname="com.vtiger.comcast.leadtest.CreateNewLeadTest" name="creatNewLeadByValidAnnualRevenueTest" time="11.96"/>
  <testcase classname="com.vtiger.comcast.leadtest.CreateNewLeadTest" name="createNewLeadByAssignToTest" time="15.173"/>
</testsuite> <!-- TestRunner-Firefox -->
