<?xml version="1.0" encoding="UTF-8"?>
<!-- Generated by org.testng.reporters.JUnitXMLReporter -->
<testsuite ignored="0" hostname="Chinnuboss" failures="0" tests="3" name="TestRunner-Firefox" time="137.762" errors="0" timestamp="2021-08-27T22:31:37 IST">
  <testcase classname="com.vtiger.comcast.leadtest.ConvertLeadTest" name="convertLeadBySelectingAllCheckboxTest" time="51.445"/>
  <testcase classname="com.vtiger.comcast.leadtest.ConvertLeadTest" name="convertLeadBySelectingOnlyOpportunityCheckboxTest" time="30.296"/>
  <testcase classname="com.vtiger.comcast.leadtest.ConvertLeadTest" name="convertLeadBySelectingOnlyOrgCheckboxTest" time="30.217"/>
</testsuite> <!-- TestRunner-Firefox -->
