<?xml version="1.0" encoding="UTF-8"?>
<!-- Generated by org.testng.reporters.JUnitXMLReporter -->
<testsuite ignored="0" hostname="Chinnuboss" failures="0" tests="3" name="TestRunner-2" time="63.481" errors="0" timestamp="2021-08-30T00:01:31 IST">
  <testcase classname="com.vtiger.comcast.leadtest.CreateNewLeadTest" name="creatNewLeadByInvalidAnnualRevenueTest" time="11.059"/>
  <testcase classname="com.vtiger.comcast.leadtest.CreateNewLeadTest" name="creatNewLeadByValidAnnualRevenueTest" time="13.875"/>
  <testcase classname="com.vtiger.comcast.leadtest.CreateNewLeadTest" name="createNewLeadByAssignToTest" time="14.617"/>
</testsuite> <!-- TestRunner-2 -->
