<?xml version="1.0" encoding="UTF-8"?>
<!-- Generated by org.testng.reporters.JUnitXMLReporter -->
<testsuite ignored="0" hostname="Chinnuboss" failures="0" tests="3" name="TestRunner-Chrome" time="122.416" errors="0" timestamp="2021-08-30T00:24:27 IST">
  <testcase classname="com.vtiger.comcast.leadtest.ConvertLeadTest" name="convertLeadBySelectingAllCheckboxTest" time="44.477"/>
  <testcase classname="com.vtiger.comcast.leadtest.ConvertLeadTest" name="convertLeadBySelectingOnlyOpportunityCheckboxTest" time="27.105"/>
  <testcase classname="com.vtiger.comcast.leadtest.ConvertLeadTest" name="convertLeadBySelectingOnlyOrgCheckboxTest" time="25.091"/>
</testsuite> <!-- TestRunner-Chrome -->
