<?xml version="1.0" encoding="UTF-8"?>
<!-- Generated by org.testng.reporters.JUnitXMLReporter -->
<testsuite ignored="0" hostname="Chinnuboss" failures="0" tests="3" name="TestRunner-1" time="112.813" errors="0" timestamp="2021-08-30T00:02:20 IST">
  <testcase classname="com.vtiger.comcast.leadtest.ConvertLeadTest" name="convertLeadBySelectingAllCheckboxTest" time="41.601"/>
  <testcase classname="com.vtiger.comcast.leadtest.ConvertLeadTest" name="convertLeadBySelectingOnlyOpportunityCheckboxTest" time="26.32"/>
  <testcase classname="com.vtiger.comcast.leadtest.ConvertLeadTest" name="convertLeadBySelectingOnlyOrgCheckboxTest" time="23.489"/>
</testsuite> <!-- TestRunner-1 -->
