<?xml version="1.0" encoding="UTF-8"?>
<!-- Generated by org.testng.reporters.JUnitXMLReporter -->
<testsuite ignored="0" hostname="Chinnuboss" failures="0" tests="3" name="TestRunner-Chrome" time="65.972" errors="0" timestamp="2021-08-27T22:30:25 IST">
  <testcase classname="com.vtiger.comcast.leadtest.CreateNewLeadTest" name="creatNewLeadByInvalidAnnualRevenueTest" time="10.761"/>
  <testcase classname="com.vtiger.comcast.leadtest.CreateNewLeadTest" name="creatNewLeadByValidAnnualRevenueTest" time="13.036"/>
  <testcase classname="com.vtiger.comcast.leadtest.CreateNewLeadTest" name="createNewLeadByAssignToTest" time="13.052"/>
</testsuite> <!-- TestRunner-Chrome -->
