<?xml version="1.0" encoding="UTF-8"?>
<testng-results skipped="0" failed="0" ignored="2" total="3" passed="1">
  <reporter-output>
  </reporter-output>
  <suite name="Default suite" duration-ms="36903" started-at="2021-09-02T18:24:38 IST" finished-at="2021-09-02T18:25:15 IST">
    <groups>
      <group name="regressionTest">
        <method signature="ConvertLeadTest.convertLeadBySelectingAllCheckboxTest()[pri:0, instance:com.vtiger.comcast.leadtest.ConvertLeadTest@6121c9d6]" name="convertLeadBySelectingAllCheckboxTest" class="com.vtiger.comcast.leadtest.ConvertLeadTest"/>
      </group> <!-- regressionTest -->
    </groups>
    <test name="Default test" duration-ms="36903" started-at="2021-09-02T18:24:38 IST" finished-at="2021-09-02T18:25:15 IST">
      <class name="com.vtiger.comcast.leadtest.ConvertLeadTest">
        <test-method status="PASS" signature="configBS()[pri:0, instance:com.vtiger.comcast.leadtest.ConvertLeadTest@6121c9d6]" name="configBS" is-config="true" duration-ms="9" started-at="2021-09-02T18:24:38 IST" finished-at="2021-09-02T18:24:38 IST">
          <reporter-output>
          </reporter-output>
        </test-method> <!-- configBS -->
        <test-method status="PASS" signature="configBC()[pri:0, instance:com.vtiger.comcast.leadtest.ConvertLeadTest@6121c9d6]" name="configBC" is-config="true" duration-ms="4487" started-at="2021-09-02T18:24:38 IST" finished-at="2021-09-02T18:24:43 IST">
          <reporter-output>
          </reporter-output>
        </test-method> <!-- configBC -->
        <test-method status="PASS" signature="configBM()[pri:0, instance:com.vtiger.comcast.leadtest.ConvertLeadTest@6121c9d6]" name="configBM" is-config="true" duration-ms="2835" started-at="2021-09-02T18:24:43 IST" finished-at="2021-09-02T18:24:45 IST">
          <reporter-output>
          </reporter-output>
        </test-method> <!-- configBM -->
        <test-method status="PASS" signature="convertLeadBySelectingAllCheckboxTest()[pri:0, instance:com.vtiger.comcast.leadtest.ConvertLeadTest@6121c9d6]" name="convertLeadBySelectingAllCheckboxTest" duration-ms="27290" started-at="2021-09-02T18:24:45 IST" finished-at="2021-09-02T18:25:13 IST">
          <reporter-output>
          </reporter-output>
        </test-method> <!-- convertLeadBySelectingAllCheckboxTest -->
        <test-method status="PASS" signature="configAM()[pri:0, instance:com.vtiger.comcast.leadtest.ConvertLeadTest@6121c9d6]" name="configAM" is-config="true" duration-ms="1353" started-at="2021-09-02T18:25:13 IST" finished-at="2021-09-02T18:25:14 IST">
          <reporter-output>
          </reporter-output>
        </test-method> <!-- configAM -->
        <test-method status="PASS" signature="configAC()[pri:0, instance:com.vtiger.comcast.leadtest.ConvertLeadTest@6121c9d6]" name="configAC" is-config="true" duration-ms="873" started-at="2021-09-02T18:25:14 IST" finished-at="2021-09-02T18:25:15 IST">
          <reporter-output>
          </reporter-output>
        </test-method> <!-- configAC -->
        <test-method status="PASS" signature="configAS()[pri:0, instance:com.vtiger.comcast.leadtest.ConvertLeadTest@6121c9d6]" name="configAS" is-config="true" duration-ms="1" started-at="2021-09-02T18:25:15 IST" finished-at="2021-09-02T18:25:15 IST">
          <reporter-output>
          </reporter-output>
        </test-method> <!-- configAS -->
      </class> <!-- com.vtiger.comcast.leadtest.ConvertLeadTest -->
    </test> <!-- Default test -->
  </suite> <!-- Default suite -->
</testng-results>
