<?xml version="1.0" encoding="UTF-8"?>
<testng-results ignored="0" total="6" passed="6" failed="0" skipped="0">
  <reporter-output>
  </reporter-output>
  <suite started-at="2021-08-28T23:33:34 IST" name="Suite" finished-at="2021-08-28T23:36:50 IST" duration-ms="195994">
    <groups>
      <group name="regressionTest">
        <method signature="CreateNewLeadTest.creatNewLeadByInvalidAnnualRevenueTest()[pri:0, instance:com.vtiger.comcast.leadtest.CreateNewLeadTest@618425b5]" name="creatNewLeadByInvalidAnnualRevenueTest" class="com.vtiger.comcast.leadtest.CreateNewLeadTest"/>
        <method signature="CreateNewLeadTest.creatNewLeadByValidAnnualRevenueTest()[pri:0, instance:com.vtiger.comcast.leadtest.CreateNewLeadTest@618425b5]" name="creatNewLeadByValidAnnualRevenueTest" class="com.vtiger.comcast.leadtest.CreateNewLeadTest"/>
        <method signature="CreateNewLeadTest.createNewLeadByAssignToTest()[pri:0, instance:com.vtiger.comcast.leadtest.CreateNewLeadTest@618425b5]" name="createNewLeadByAssignToTest" class="com.vtiger.comcast.leadtest.CreateNewLeadTest"/>
        <method signature="ConvertLeadTest.convertLeadBySelectingAllCheckboxTest()[pri:0, instance:com.vtiger.comcast.leadtest.ConvertLeadTest@61001b64]" name="convertLeadBySelectingAllCheckboxTest" class="com.vtiger.comcast.leadtest.ConvertLeadTest"/>
        <method signature="ConvertLeadTest.convertLeadBySelectingOnlyOpportunityCheckboxTest()[pri:0, instance:com.vtiger.comcast.leadtest.ConvertLeadTest@61001b64]" name="convertLeadBySelectingOnlyOpportunityCheckboxTest" class="com.vtiger.comcast.leadtest.ConvertLeadTest"/>
        <method signature="ConvertLeadTest.convertLeadBySelectingOnlyOrgCheckboxTest()[pri:0, instance:com.vtiger.comcast.leadtest.ConvertLeadTest@61001b64]" name="convertLeadBySelectingOnlyOrgCheckboxTest" class="com.vtiger.comcast.leadtest.ConvertLeadTest"/>
      </group> <!-- regressionTest -->
      <group name="smokeTest">
        <method signature="CreateNewLeadTest.createNewLeadByAssignToTest()[pri:0, instance:com.vtiger.comcast.leadtest.CreateNewLeadTest@618425b5]" name="createNewLeadByAssignToTest" class="com.vtiger.comcast.leadtest.CreateNewLeadTest"/>
      </group> <!-- smokeTest -->
    </groups>
    <test started-at="2021-08-28T23:33:34 IST" name="TestRunner-Chrome" finished-at="2021-08-28T23:34:48 IST" duration-ms="74241">
      <class name="com.vtiger.comcast.leadtest.CreateNewLeadTest">
        <test-method is-config="true" signature="configBC(java.lang.String)[pri:0, instance:com.vtiger.comcast.leadtest.CreateNewLeadTest@618425b5]" started-at="2021-08-28T23:33:34 IST" name="configBC" finished-at="2021-08-28T23:33:39 IST" duration-ms="5220" status="PASS">
          <params>
            <param index="0">
              <value>
                <![CDATA[chrome]]>
              </value>
            </param>
          </params>
          <reporter-output>
          </reporter-output>
        </test-method> <!-- configBC -->
        <test-method is-config="true" signature="configBM()[pri:0, instance:com.vtiger.comcast.leadtest.CreateNewLeadTest@618425b5]" started-at="2021-08-28T23:33:39 IST" name="configBM" finished-at="2021-08-28T23:33:44 IST" duration-ms="4580" status="PASS">
          <reporter-output>
          </reporter-output>
        </test-method> <!-- configBM -->
        <test-method signature="creatNewLeadByInvalidAnnualRevenueTest()[pri:0, instance:com.vtiger.comcast.leadtest.CreateNewLeadTest@618425b5]" started-at="2021-08-28T23:33:44 IST" name="creatNewLeadByInvalidAnnualRevenueTest" finished-at="2021-08-28T23:34:01 IST" duration-ms="16784" status="PASS">
          <reporter-output>
          </reporter-output>
        </test-method> <!-- creatNewLeadByInvalidAnnualRevenueTest -->
        <test-method is-config="true" signature="configAM()[pri:0, instance:com.vtiger.comcast.leadtest.CreateNewLeadTest@618425b5]" started-at="2021-08-28T23:34:01 IST" name="configAM" finished-at="2021-08-28T23:34:03 IST" duration-ms="1990" status="PASS">
          <reporter-output>
          </reporter-output>
        </test-method> <!-- configAM -->
        <test-method is-config="true" signature="configBM()[pri:0, instance:com.vtiger.comcast.leadtest.CreateNewLeadTest@618425b5]" started-at="2021-08-28T23:34:03 IST" name="configBM" finished-at="2021-08-28T23:34:06 IST" duration-ms="3331" status="PASS">
          <reporter-output>
          </reporter-output>
        </test-method> <!-- configBM -->
        <test-method signature="creatNewLeadByValidAnnualRevenueTest()[pri:0, instance:com.vtiger.comcast.leadtest.CreateNewLeadTest@618425b5]" started-at="2021-08-28T23:34:06 IST" name="creatNewLeadByValidAnnualRevenueTest" finished-at="2021-08-28T23:34:23 IST" duration-ms="16433" status="PASS">
          <reporter-output>
          </reporter-output>
        </test-method> <!-- creatNewLeadByValidAnnualRevenueTest -->
        <test-method is-config="true" signature="configAM()[pri:0, instance:com.vtiger.comcast.leadtest.CreateNewLeadTest@618425b5]" started-at="2021-08-28T23:34:23 IST" name="configAM" finished-at="2021-08-28T23:34:24 IST" duration-ms="1648" status="PASS">
          <reporter-output>
          </reporter-output>
        </test-method> <!-- configAM -->
        <test-method is-config="true" signature="configBM()[pri:0, instance:com.vtiger.comcast.leadtest.CreateNewLeadTest@618425b5]" started-at="2021-08-28T23:34:24 IST" name="configBM" finished-at="2021-08-28T23:34:28 IST" duration-ms="3597" status="PASS">
          <reporter-output>
          </reporter-output>
        </test-method> <!-- configBM -->
        <test-method signature="createNewLeadByAssignToTest()[pri:0, instance:com.vtiger.comcast.leadtest.CreateNewLeadTest@618425b5]" started-at="2021-08-28T23:34:28 IST" name="createNewLeadByAssignToTest" finished-at="2021-08-28T23:34:45 IST" duration-ms="17513" status="PASS">
          <reporter-output>
          </reporter-output>
        </test-method> <!-- createNewLeadByAssignToTest -->
        <test-method is-config="true" signature="configAM()[pri:0, instance:com.vtiger.comcast.leadtest.CreateNewLeadTest@618425b5]" started-at="2021-08-28T23:34:45 IST" name="configAM" finished-at="2021-08-28T23:34:48 IST" duration-ms="2229" status="PASS">
          <reporter-output>
          </reporter-output>
        </test-method> <!-- configAM -->
        <test-method is-config="true" signature="configAC()[pri:0, instance:com.vtiger.comcast.leadtest.CreateNewLeadTest@618425b5]" started-at="2021-08-28T23:34:48 IST" name="configAC" finished-at="2021-08-28T23:34:48 IST" duration-ms="842" status="PASS">
          <reporter-output>
          </reporter-output>
        </test-method> <!-- configAC -->
      </class> <!-- com.vtiger.comcast.leadtest.CreateNewLeadTest -->
    </test> <!-- TestRunner-Chrome -->
    <test started-at="2021-08-28T23:33:34 IST" name="TestRunner-Firefox" finished-at="2021-08-28T23:36:50 IST" duration-ms="195993">
      <class name="com.vtiger.comcast.leadtest.ConvertLeadTest">
        <test-method is-config="true" signature="configBS()[pri:0, instance:com.vtiger.comcast.leadtest.ConvertLeadTest@61001b64]" started-at="2021-08-28T23:33:34 IST" name="configBS" finished-at="2021-08-28T23:33:34 IST" duration-ms="10" status="PASS">
          <reporter-output>
          </reporter-output>
        </test-method> <!-- configBS -->
        <test-method is-config="true" signature="configBC(java.lang.String)[pri:0, instance:com.vtiger.comcast.leadtest.ConvertLeadTest@61001b64]" started-at="2021-08-28T23:33:34 IST" name="configBC" finished-at="2021-08-28T23:34:29 IST" duration-ms="55102" status="PASS">
          <params>
            <param index="0">
              <value>
                <![CDATA[firefox]]>
              </value>
            </param>
          </params>
          <reporter-output>
          </reporter-output>
        </test-method> <!-- configBC -->
        <test-method is-config="true" signature="configBM()[pri:0, instance:com.vtiger.comcast.leadtest.ConvertLeadTest@61001b64]" started-at="2021-08-28T23:34:29 IST" name="configBM" finished-at="2021-08-28T23:34:36 IST" duration-ms="7108" status="PASS">
          <reporter-output>
          </reporter-output>
        </test-method> <!-- configBM -->
        <test-method signature="convertLeadBySelectingAllCheckboxTest()[pri:0, instance:com.vtiger.comcast.leadtest.ConvertLeadTest@61001b64]" started-at="2021-08-28T23:34:36 IST" name="convertLeadBySelectingAllCheckboxTest" finished-at="2021-08-28T23:35:23 IST" duration-ms="46702" status="PASS">
          <reporter-output>
          </reporter-output>
        </test-method> <!-- convertLeadBySelectingAllCheckboxTest -->
        <test-method is-config="true" signature="configAM()[pri:0, instance:com.vtiger.comcast.leadtest.ConvertLeadTest@61001b64]" started-at="2021-08-28T23:35:23 IST" name="configAM" finished-at="2021-08-28T23:35:25 IST" duration-ms="1492" status="PASS">
          <reporter-output>
          </reporter-output>
        </test-method> <!-- configAM -->
        <test-method is-config="true" signature="configBM()[pri:0, instance:com.vtiger.comcast.leadtest.ConvertLeadTest@61001b64]" started-at="2021-08-28T23:35:25 IST" name="configBM" finished-at="2021-08-28T23:35:27 IST" duration-ms="2445" status="PASS">
          <reporter-output>
          </reporter-output>
        </test-method> <!-- configBM -->
        <test-method signature="convertLeadBySelectingOnlyOpportunityCheckboxTest()[pri:0, instance:com.vtiger.comcast.leadtest.ConvertLeadTest@61001b64]" started-at="2021-08-28T23:35:27 IST" name="convertLeadBySelectingOnlyOpportunityCheckboxTest" finished-at="2021-08-28T23:36:06 IST" duration-ms="38580" status="PASS">
          <reporter-output>
          </reporter-output>
        </test-method> <!-- convertLeadBySelectingOnlyOpportunityCheckboxTest -->
        <test-method is-config="true" signature="configAM()[pri:0, instance:com.vtiger.comcast.leadtest.ConvertLeadTest@61001b64]" started-at="2021-08-28T23:36:06 IST" name="configAM" finished-at="2021-08-28T23:36:07 IST" duration-ms="1480" status="PASS">
          <reporter-output>
          </reporter-output>
        </test-method> <!-- configAM -->
        <test-method is-config="true" signature="configBM()[pri:0, instance:com.vtiger.comcast.leadtest.ConvertLeadTest@61001b64]" started-at="2021-08-28T23:36:07 IST" name="configBM" finished-at="2021-08-28T23:36:10 IST" duration-ms="2635" status="PASS">
          <reporter-output>
          </reporter-output>
        </test-method> <!-- configBM -->
        <test-method signature="convertLeadBySelectingOnlyOrgCheckboxTest()[pri:0, instance:com.vtiger.comcast.leadtest.ConvertLeadTest@61001b64]" started-at="2021-08-28T23:36:10 IST" name="convertLeadBySelectingOnlyOrgCheckboxTest" finished-at="2021-08-28T23:36:47 IST" duration-ms="37395" status="PASS">
          <reporter-output>
          </reporter-output>
        </test-method> <!-- convertLeadBySelectingOnlyOrgCheckboxTest -->
        <test-method is-config="true" signature="configAM()[pri:0, instance:com.vtiger.comcast.leadtest.ConvertLeadTest@61001b64]" started-at="2021-08-28T23:36:47 IST" name="configAM" finished-at="2021-08-28T23:36:49 IST" duration-ms="1516" status="PASS">
          <reporter-output>
          </reporter-output>
        </test-method> <!-- configAM -->
        <test-method is-config="true" signature="configAC()[pri:0, instance:com.vtiger.comcast.leadtest.ConvertLeadTest@61001b64]" started-at="2021-08-28T23:36:49 IST" name="configAC" finished-at="2021-08-28T23:36:50 IST" duration-ms="1504" status="PASS">
          <reporter-output>
          </reporter-output>
        </test-method> <!-- configAC -->
        <test-method is-config="true" signature="configAS()[pri:0, instance:com.vtiger.comcast.leadtest.ConvertLeadTest@61001b64]" started-at="2021-08-28T23:36:50 IST" name="configAS" finished-at="2021-08-28T23:36:50 IST" duration-ms="0" status="PASS">
          <reporter-output>
          </reporter-output>
        </test-method> <!-- configAS -->
      </class> <!-- com.vtiger.comcast.leadtest.ConvertLeadTest -->
    </test> <!-- TestRunner-Firefox -->
  </suite> <!-- Suite -->
</testng-results>
